[debug] [2019-10-14T07:47:50.629Z] ----------------------------------------------------------------------
[debug] [2019-10-14T07:47:50.631Z] Command:       C:\Program Files\nodejs\node.exe C:\Users\KAE KAE\AppData\Roaming\npm\node_modules\firebase-tools\lib\bin\firebase.js serve
[debug] [2019-10-14T07:47:50.631Z] CLI Version:   7.5.0
[debug] [2019-10-14T07:47:50.631Z] Platform:      win32
[debug] [2019-10-14T07:47:50.631Z] Node Version:  v10.16.3
[debug] [2019-10-14T07:47:50.632Z] Time:          Mon Oct 14 2019 14:47:50 GMT+0700 (GMT+07:00)
[debug] [2019-10-14T07:47:50.632Z] ----------------------------------------------------------------------
[debug] 
[debug] [2019-10-14T07:47:51.236Z] > command requires scopes: ["email","openid","https://www.googleapis.com/auth/cloudplatformprojects.readonly","https://www.googleapis.com/auth/firebase","https://www.googleapis.com/auth/cloud-platform"]
[debug] [2019-10-14T07:47:51.237Z] > authorizing via signed-in user
[debug] [2019-10-14T07:47:51.237Z] [iam] checking project foodservice-5eda5 for permissions ["firebase.projects.get"]
[debug] [2019-10-14T07:47:51.239Z] >>> HTTP REQUEST POST https://cloudresourcemanager.googleapis.com/v1/projects/foodservice-5eda5:testIamPermissions  

[debug] [2019-10-14T07:47:54.607Z] <<< HTTP RESPONSE 200
[debug] [2019-10-14T07:47:54.612Z] >>> HTTP REQUEST GET https://firebase.googleapis.com/v1beta1/projects/foodservice-5eda5  
 
[debug] [2019-10-14T07:47:55.062Z] <<< HTTP RESPONSE 200
[info] 
[info] === Serving from 'C:\Users\KAE KAE\Documents\GitHub\FoodServiceByOnsenUI'...
[info] 
[debug] [2019-10-14T07:47:55.119Z] >>> HTTP REQUEST GET https://firebase.googleapis.com/v1beta1/projects/foodservice-5eda5/webApps/-/config  
 
[debug] [2019-10-14T07:47:55.858Z] <<< HTTP RESPONSE 200
[warn] !  Your requested "node" version "8" doesn't match your global version "10"
[info] i  hosting: Serving hosting files from: public
[info] +  hosting: Local server: http://localhost:5000
[info] +  functions: Emulator started at http://localhost:5001
[info] i  functions: Watching "C:\Users\KAE KAE\Documents\GitHub\FoodServiceByOnsenUI\functions" for Cloud Functions...
[debug] [2019-10-14T07:47:57.977Z] [runtime-status] Functions runtime initialized. {"cwd":"C:\\Users\\KAE KAE\\Documents\\GitHub\\FoodServiceByOnsenUI\\functions","node_version":"10.16.3"}
[debug] [2019-10-14T07:47:57.977Z] [runtime-status] Disabled runtime features: {"functions_config_helper":true,"network_filtering":true,"timeout":true,"memory_limiting":true,"admin_stubs":true} {}
[debug] [2019-10-14T07:47:58.334Z] [runtime-status] Resolved module firebase-admin {"declared":true,"installed":true,"version":"8.6.0","resolution":"C:\\Users\\KAE KAE\\Documents\\GitHub\\FoodServiceByOnsenUI\\functions\\node_modules\\firebase-admin\\lib\\index.js"}
[debug] [2019-10-14T07:47:58.516Z] [runtime-status] Resolved module firebase-functions {"declared":true,"installed":true,"version":"3.3.0","resolution":"C:\\Users\\KAE KAE\\Documents\\GitHub\\FoodServiceByOnsenUI\\functions\\node_modules\\firebase-functions\\lib\\index.js"}
[debug] [2019-10-14T07:47:58.517Z] [runtime-status] Resolved module firebase-functions {"declared":true,"installed":true,"version":"3.3.0","resolution":"C:\\Users\\KAE KAE\\Documents\\GitHub\\FoodServiceByOnsenUI\\functions\\node_modules\\firebase-functions\\lib\\index.js"}
